[0331/132855.344:INFO:CONSOLE(1)] "Synchronous XMLHttpRequest on the main thread is deprecated because of its detrimental effects to the end user's experience. For more help, check https://xhr.spec.whatwg.org/.", source: https://cdn.rutarget.ru/static/publishertag/publishertag.js (1)
[0331/132856.658:ERROR:shader_disk_cache.cc(257)] Failed to create shader cache entry: -2
[0331/132856.716:INFO:CONSOLE(1)] "RIA - LIVE inited", source: https://cdn21.img.ria.ru/min/js/libs/ria_live_manager.js?88d3837f1 (1)
[0331/132856.716:INFO:CONSOLE(1)] "[object Object]", source: https://cdn21.img.ria.ru/min/js/libs/ria_live_manager.js?88d3837f1 (1)
[0331/132856.745:INFO:CONSOLE(3)] "Uncaught ReferenceError: Notification is not defined", source: https://cdn21.img.ria.ru/min/js/sw/ria/app.js?81f62d7e38 (3)
[0331/132856.779:INFO:CONSOLE(5)] "onStub adfox_154330575672688436", source: https://cdn21.img.ria.ru/min/js/libs/banners/adfox.loader.bind.js?8a4c52ed1 (5)
[0331/132856.820:INFO:CONSOLE(3)] "onLoad adfox_desktop_body_1552260768 - banner.transfer", source: https://cdn21.img.ria.ru/min/js/libs/banners/adfox.loader.bind.js?8a4c52ed1 (3)
[0331/132856.832:INFO:CONSOLE(3)] "onLoad adfox_partners_article_after_1552260768 - banner.transfer", source: https://cdn21.img.ria.ru/min/js/libs/banners/adfox.loader.bind.js?8a4c52ed1 (3)
[0331/132856.832:INFO:CONSOLE(3)] "onLoad adfox_subscriber_desktop_1552260768 - banner.image", source: https://cdn21.img.ria.ru/min/js/libs/banners/adfox.loader.bind.js?8a4c52ed1 (3)
[0331/132856.834:INFO:CONSOLE(3)] "onLoad adfox_direct_desktop_after_article_1552260768 - banner.reset", source: https://cdn21.img.ria.ru/min/js/libs/banners/adfox.loader.bind.js?8a4c52ed1 (3)
[0331/132856.839:INFO:CONSOLE(3)] "onLoad adfox_article_right_2_1552260768 - banner.transfer", source: https://cdn21.img.ria.ru/min/js/libs/banners/adfox.loader.bind.js?8a4c52ed1 (3)
[0331/132856.860:INFO:CONSOLE(3)] "onLoad adfox_article_right_1_1552260768 - banner.direct", source: https://cdn21.img.ria.ru/min/js/libs/banners/adfox.loader.bind.js?8a4c52ed1 (3)
[0331/132856.865:INFO:CONSOLE(3)] "onLoad adfox_article_right_3_1552260768 - banner.reset", source: https://cdn21.img.ria.ru/min/js/libs/banners/adfox.loader.bind.js?8a4c52ed1 (3)
[0331/132857.054:INFO:CONSOLE(1)] "zenLogger:", source: https://yastatic.net/s3/zen-lib/2.34.0/widget/widget.chromium.en.bundle.js (1)
[0331/132857.086:INFO:CONSOLE(4)] "onRender adfox_desktop_body_1552260768 ACTIVE ADDED", source: https://cdn21.img.ria.ru/min/js/libs/banners/adfox.loader.bind.js?8a4c52ed1 (4)
[0331/132857.308:INFO:CONSOLE(3)] "onLoad adfox_article_right_3_1552260768 - banner.reset", source: https://cdn21.img.ria.ru/min/js/libs/banners/adfox.loader.bind.js?8a4c52ed1 (3)
[0331/132857.424:INFO:CONSOLE(3)] "Exit TRCRBox.loadScriptCallback(retry=0): no items in response - organic-thumbnails-rr-stream", source: https://cdn.taboola.com/libtrc/impl.351-311-RELEASE.js (3)
[0331/132857.461:INFO:CONSOLE(20)] "mmlog: ", source: https://mediametrics.ru/partner/inject/injectv2_ria.ru.js (20)
[0331/132857.464:INFO:CONSOLE(4)] "onRender adfox_article_right_2_1552260768 ACTIVE ADDED", source: https://cdn21.img.ria.ru/min/js/libs/banners/adfox.loader.bind.js?8a4c52ed1 (4)
[0331/132857.500:INFO:CONSOLE(4)] "onRender adfox_subscriber_desktop_1552260768 ACTIVE ADDED", source: https://cdn21.img.ria.ru/min/js/libs/banners/adfox.loader.bind.js?8a4c52ed1 (4)
[0331/132900.805:INFO:CONSOLE(4)] "onRender adfox_partners_article_after_1552260768 ACTIVE ADDED", source: https://cdn21.img.ria.ru/min/js/libs/banners/adfox.loader.bind.js?8a4c52ed1 (4)
[0331/132900.861:INFO:CONSOLE(5)] "onStub adfox_article_right_3_1552260768 ACTIVE REMOVED", source: https://cdn21.img.ria.ru/min/js/libs/banners/adfox.loader.bind.js?8a4c52ed1 (5)
[0331/132900.899:INFO:CONSOLE(3)] "onLoad recommend_pos_6_1552260768 - banner.image", source: https://cdn21.img.ria.ru/min/js/libs/banners/adfox.loader.bind.js?8a4c52ed1 (3)
[0331/132900.911:INFO:CONSOLE(3)] "onLoad adfox_direct_desktop_after_article_1552260768 - banner.transfer", source: https://cdn21.img.ria.ru/min/js/libs/banners/adfox.loader.bind.js?8a4c52ed1 (3)
[0331/132900.915:INFO:CONSOLE(4)] "onRender adfox_direct_desktop_after_article_1552260768 ACTIVE ADDED", source: https://cdn21.img.ria.ru/min/js/libs/banners/adfox.loader.bind.js?8a4c52ed1 (4)
[0331/132901.068:INFO:CONSOLE(309)] "виджет вставлен успешно", source: https://ria.ru/20190331/1552260768.html (309)
[0331/132901.182:INFO:CONSOLE(1)] "zenLogger:", source: https://yastatic.net/s3/zen-lib/2.34.0/widget/widget.chromium.en.bundle.js (1)
[0331/132901.255:INFO:CONSOLE(5)] "onStub adfox_1269899353 ACTIVE REMOVED", source: https://cdn21.img.ria.ru/min/js/libs/banners/adfox.loader.bind.js?8a4c52ed1 (5)
[0331/132901.303:INFO:CONSOLE(4)] "onRender recommend_pos_6_1552260768 ACTIVE ADDED", source: https://cdn21.img.ria.ru/min/js/libs/banners/adfox.loader.bind.js?8a4c52ed1 (4)
[0331/132901.711:INFO:CONSOLE(4)] "onRender adfox_article_right_1_1552260768 ACTIVE ADDED", source: https://cdn21.img.ria.ru/min/js/libs/banners/adfox.loader.bind.js?8a4c52ed1 (4)
[0331/132902.621:ERROR:render_media_log.cc(30)] MediaEvent: MEDIA_ERROR_LOG_ENTRY {"error":"FFmpegDemuxer: no supported streams"}
[0331/132902.621:ERROR:render_media_log.cc(30)] MediaEvent: PIPELINE_ERROR DEMUXER_ERROR_NO_SUPPORTED_STREAMS
[0331/132904.358:INFO:CONSOLE(15)] "vis change0", source: https://cdn.taboola.com/libtrc/ria/loader.js (15)
[0331/132904.402:WARNING:spdy_session.cc(3093)] Received WINDOW_UPDATE for invalid stream 27
[0331/132904.413:WARNING:spdy_session.cc(3144)] Received HEADERS for invalid stream 27
[0331/132930.464:INFO:CONSOLE(0)] "Access to fetch at 'https://vk.com/share.php?act=count&url=https%253A%252F%252Fpatriot.d3.ru%252Fthe-insider-vydaet-feiki-za-borbu-s-dezinformatsiei-1763485%252F' from origin 'https://patriot.d3.ru' has been blocked by CORS policy: Response to preflight request doesn't pass access control check: No 'Access-Control-Allow-Origin' header is present on the requested resource. If an opaque response serves your needs, set the request's mode to 'no-cors' to fetch the resource with CORS disabled.", source: https://patriot.d3.ru/the-insider-vydaet-feiki-za-borbu-s-dezinformatsiei-1763485/?sorting=rating (0)
[0331/132930.632:INFO:CONSOLE(0)] "Access to XMLHttpRequest at 'https://d3.ru/page_view/Post:1763485?r=0.5323764938480176' from origin 'https://patriot.d3.ru' has been blocked by CORS policy: No 'Access-Control-Allow-Origin' header is present on the requested resource.", source: https://patriot.d3.ru/the-insider-vydaet-feiki-za-borbu-s-dezinformatsiei-1763485/?sorting=rating (0)
